rm: cannot remove ‘./*.exe’: No such file or directory
In file included from abund.cpp:4:0:
geometry.h:11:46: warning: deprecated conversion from string constant to ‘char*’ [-Wwrite-strings]
  static int readSectors(char fpattern[500] = "");
                                              ^
abund.cpp: In static member function ‘static int Abund::refreshStatistics()’:
abund.cpp:33:1: warning: no return statement in function returning non-void [-Wreturn-type]
 }
 ^
abund.cpp: In static member function ‘static int Abund::initSectorials(int)’:
abund.cpp:40:1: warning: no return statement in function returning non-void [-Wreturn-type]
 }
 ^
abund.cpp: In static member function ‘static int Abund::putAbunds(int)’:
abund.cpp:87:1: warning: no return statement in function returning non-void [-Wreturn-type]
 }
 ^
abund.cpp: In static member function ‘static int Abund::getRadii(int)’:
abund.cpp:92:1: warning: no return statement in function returning non-void [-Wreturn-type]
 }
 ^
abund.cpp: In static member function ‘static int Abund::getElementList(int, char*)’:
abund.cpp:125:45: warning: format ‘%s’ expects argument of type ‘char*’, but argument 3 has type ‘char (*)[14]’ [-Wformat=]
   while (sscanf(data, "%s%n", &abel, &offset) == 1)
                                             ^
In file included from spectra/isophote.h:3:0,
                 from app.cpp:8:
spectra/../continuum.h:16:21: warning: non-static data member initializers only available with -std=c++11 or -std=gnu++11 [enabled by default]
   double totalLum = 0.;
                     ^
spectra/../continuum.h:17:19: warning: non-static data member initializers only available with -std=c++11 or -std=gnu++11 [enabled by default]
   double lumYan = 0.;
                   ^
In file included from spectra/../integration/angular.h:2:0,
                 from spectra/isophote.h:4,
                 from app.cpp:8:
spectra/../integration/matrix.h: In static member function ‘static bool CMatrix::isErrorAcceptable(double, double)’:
spectra/../integration/matrix.h:199:31: error: expression cannot be used as a function
        (nPhots + CMatrix::FFac)
                               ^
app.cpp: At global scope:
app.cpp:10:25: warning: deprecated conversion from string constant to ‘char*’ [-Wwrite-strings]
 char *App::model_name = "wew";
                         ^
app.cpp:11:26: warning: deprecated conversion from string constant to ‘char*’ [-Wwrite-strings]
 char *App::data_suffix = "Age60.00Myr.dat";
                          ^
app.cpp: In static member function ‘static bool App::addApperture(double, double, double, double)’:
app.cpp:80:1: warning: no return statement in function returning non-void [-Wreturn-type]
 }
 ^
app.cpp: In static member function ‘static bool App::init()’:
app.cpp:97:1: warning: no return statement in function returning non-void [-Wreturn-type]
 }
 ^
app.cpp: In static member function ‘static bool App::initAperture(int)’:
app.cpp:124:1: warning: no return statement in function returning non-void [-Wreturn-type]
 }
 ^
app.cpp: In static member function ‘static bool App::setRay(double, double)’:
app.cpp:144:1: warning: no return statement in function returning non-void [-Wreturn-type]
 }
 ^
app.cpp: In static member function ‘static bool App::readCommands()’:
app.cpp:174:45: warning: format ‘%s’ expects argument of type ‘char*’, but argument 3 has type ‘char (*)[255]’ [-Wformat=]
     sscanf(commands[2],"%s",&App::pointsFile);
                                             ^
app.cpp:281:25: warning: format ‘%s’ expects a matching ‘char*’ argument [-Wformat=]
     printf("CHLAB: %s\n");
                         ^
app.cpp:313:45: warning: format ‘%s’ expects argument of type ‘char*’, but argument 3 has type ‘char (*)[255]’ [-Wformat=]
     sscanf(commands[2],"%s",&App::output_dir);
                                             ^
app.cpp:314:48: warning: format ‘%s’ expects argument of type ‘char*’, but argument 3 has type ‘char (*)[255]’ [-Wformat=]
     sscanf(commands[2],"%s",&App::output_dir_in);
                                                ^
app.cpp:324:49: warning: format ‘%s’ expects argument of type ‘char*’, but argument 3 has type ‘char (*)[255]’ [-Wformat=]
     sscanf(commands[2], "%s", &App::fluxesOutput);
                                                 ^
app.cpp:333:44: warning: format ‘%s’ expects argument of type ‘char*’, but argument 3 has type ‘char (*)[255]’ [-Wformat=]
     sscanf(commands[2],"%s",&App::input_dir);
                                            ^
app.cpp:338:44: warning: format ‘%s’ expects argument of type ‘char*’, but argument 3 has type ‘char (*)[255]’ [-Wformat=]
     sscanf(commands[2],"%s",&App::data_base);
                                            ^
app.cpp:343:45: warning: format ‘%s’ expects argument of type ‘char*’, but argument 3 has type ‘char (*)[255]’ [-Wformat=]
     sscanf(commands[2],"%s",&App::data_bands);
                                             ^
basics.cpp: In static member function ‘static int CBasics::startClock()’:
basics.cpp:56:1: warning: no return statement in function returning non-void [-Wreturn-type]
 }
 ^
basics.cpp: In static member function ‘static int CBasics::endClock()’:
basics.cpp:65:1: warning: no return statement in function returning non-void [-Wreturn-type]
 }
 ^
In file included from continuum.cpp:3:0:
continuum.h:16:21: warning: non-static data member initializers only available with -std=c++11 or -std=gnu++11 [enabled by default]
   double totalLum = 0.;
                     ^
continuum.h:17:19: warning: non-static data member initializers only available with -std=c++11 or -std=gnu++11 [enabled by default]
   double lumYan = 0.;
                   ^
In file included from continuum.cpp:4:0:
geometry.h:11:46: warning: deprecated conversion from string constant to ‘char*’ [-Wwrite-strings]
  static int readSectors(char fpattern[500] = "");
                                              ^
In file included from continuum.cpp:5:0:
integration/matrix.h: In static member function ‘static bool CMatrix::isErrorAcceptable(double, double)’:
integration/matrix.h:199:31: error: expression cannot be used as a function
        (nPhots + CMatrix::FFac)
                               ^
continuum.cpp: In static member function ‘static int CContinuum::refreshStatistics()’:
continuum.cpp:35:1: warning: no return statement in function returning non-void [-Wreturn-type]
 }
 ^
continuum.cpp: In static member function ‘static int CContinuum::initSectorials(int)’:
continuum.cpp:56:1: warning: no return statement in function returning non-void [-Wreturn-type]
 }
 ^
continuum.cpp: In static member function ‘static int CContinuum::setMeshSize(int)’:
continuum.cpp:144:1: warning: no return statement in function returning non-void [-Wreturn-type]
 }
 ^
continuum.cpp: In static member function ‘static int CContinuum::getRadii(int)’:
continuum.cpp:192:1: warning: no return statement in function returning non-void [-Wreturn-type]
 }
 ^
continuum.cpp: In static member function ‘static int CContinuum::readBands()’:
continuum.cpp:297:26: warning: unknown escape sequence: '\.' [enabled by default]
       sscanf(ent->d_name," %[^\t\n\.]",fnamebase);
                          ^
continuum.cpp: In static member function ‘static int CContinuum::assignBands()’:
continuum.cpp:343:1: warning: no return statement in function returning non-void [-Wreturn-type]
 }
 ^
continuum.cpp: In static member function ‘static int CContinuum::getIonizingSourceEmissivity()’:
continuum.cpp:393:1: warning: no return statement in function returning non-void [-Wreturn-type]
 }
 ^
continuum.cpp: In static member function ‘static int CContinuum::readBands()’:
continuum.cpp:310:1: warning: control reaches end of non-void function [-Wreturn-type]
 }
 ^
In file included from continuum.cpp:3:0:
continuum.h: In member function ‘int IRBand::read_band(char*, char*)’:
continuum.h:59:57: warning: ignoring return value of ‘int fscanf(FILE*, const char*, ...)’, declared with attribute warn_unused_result [-Wunused-result]
      fscanf(bdb,"%s %s %lfm %lfm",name, len, &from, &to);
                                                         ^
continuum.h:90:25: warning: ignoring return value of ‘char* fgets(char*, int, FILE*)’, declared with attribute warn_unused_result [-Wunused-result]
     fgets(chLab,500,FLb);
                         ^
continuum.h:101:40: warning: ignoring return value of ‘int fscanf(FILE*, const char*, ...)’, declared with attribute warn_unused_result [-Wunused-result]
      fscanf(FLb, " %lf %lf ", &nu, &tr);
                                        ^
continuum.h:128:3: warning: control reaches end of non-void function [-Wreturn-type]
   }
   ^
continuum.cpp: In static member function ‘static int CContinuum::readInwardFluxes(char*)’:
continuum.cpp:361:21: warning: ignoring return value of ‘char* fgets(char*, int, FILE*)’, declared with attribute warn_unused_result [-Wunused-result]
  fgets(chLab,500,FP);
                     ^
continuum.cpp:369:34: warning: ignoring return value of ‘int fscanf(FILE*, const char*, ...)’, declared with attribute warn_unused_result [-Wunused-result]
   fscanf(FP,"%le%le", &anu, &flx);
                                  ^
continuum.cpp:385:1: warning: control reaches end of non-void function [-Wreturn-type]
 }
 ^
In file included from integration.h:6:0,
                 from diffray.cpp:2:
geometry.h:11:46: warning: deprecated conversion from string constant to ‘char*’ [-Wwrite-strings]
  static int readSectors(char fpattern[500] = "");
                                              ^
In file included from integration.h:7:0,
                 from diffray.cpp:2:
continuum.h:16:21: warning: non-static data member initializers only available with -std=c++11 or -std=gnu++11 [enabled by default]
   double totalLum = 0.;
                     ^
continuum.h:17:19: warning: non-static data member initializers only available with -std=c++11 or -std=gnu++11 [enabled by default]
   double lumYan = 0.;
                   ^
diffray.cpp: In static member function ‘static int CDiffRay::runDiffRay(bool, int)’:
diffray.cpp:243:74: warning: format ‘%ld’ expects argument of type ‘long int’, but argument 2 has type ‘int’ [-Wformat=]
      printf("ATTEMPT_BAND_FILE %ld, %ld\n", cBand.iNuLeft, cBand.iNuRight);
                                                                          ^
diffray.cpp:243:74: warning: format ‘%ld’ expects argument of type ‘long int’, but argument 3 has type ‘int’ [-Wformat=]
diffray.cpp:988:1: warning: no return statement in function returning non-void [-Wreturn-type]
 }
 ^
diffray.cpp: In static member function ‘static int CDiffRay::initializePoints()’:
diffray.cpp:53:29: warning: ignoring return value of ‘char* fgets(char*, int, FILE*)’, declared with attribute warn_unused_result [-Wunused-result]
   fgets(chline, 1000, FPNTS);
                             ^
diffray.cpp:69:1: warning: control reaches end of non-void function [-Wreturn-type]
 }
 ^
diffray.cpp: In static member function ‘static int CDiffRay::launch()’:
diffray.cpp:88:1: warning: control reaches end of non-void function [-Wreturn-type]
 }
 ^
diffray.cpp: In static member function ‘static int CDiffRay::runDiffRay(bool, int)’:
diffray.cpp:275:22: warning: ‘bandFile’ may be used uninitialized in this function [-Wmaybe-uninitialized]
      fclose(bandFile);
                      ^
geom3D.cpp: In function ‘vector3* intersectSphere(TRay, long double, vector3*)’:
geom3D.cpp:143:167: warning: format ‘%le’ expects argument of type ‘double’, but argument 3 has type ‘long double’ [-Wformat=]
   fprintf(FST, "Radius: %le; Ray: start [%Le;%Le;%Le];[%Le;%Le] b=%Le;c=%Le; D=%Le\n",radius, ray.start.x, ray.start.y, ray.start.z, ray.angle.y, ray.angle.z, b, c, D);
                                                                                                                                                                       ^
geom3D.cpp: In function ‘THalfplane create(TPlane, vector3, int)’:
geom3D.cpp:304:1: warning: no return statement in function returning non-void [-Wreturn-type]
 }
 ^
geom3D.cpp: In function ‘THalfplane createFromAngles(double, double, double)’:
geom3D.cpp:314:1: warning: no return statement in function returning non-void [-Wreturn-type]
 }
 ^
geom3D.cpp: In function ‘vector3 intersectHalfplane(TRay, THalfplane)’:
geom3D.cpp:319:1: warning: no return statement in function returning non-void [-Wreturn-type]
 }
 ^
geom3D.cpp: In function ‘vector3 intersectRayWithPhi(TRay, double)’:
geom3D.cpp:332:10: warning: variable ‘axis’ set but not used [-Wunused-but-set-variable]
  vector3 axis = makeOrt(0.0, M_PI/2.0);
          ^
In file included from geometry.cpp:1:0:
geometry.h:11:46: warning: deprecated conversion from string constant to ‘char*’ [-Wwrite-strings]
  static int readSectors(char fpattern[500] = "");
                                              ^
geometry.cpp: In static member function ‘static int CGeometry::readSectors(char*)’:
geometry.cpp:18:1: warning: no return statement in function returning non-void [-Wreturn-type]
 }
 ^
geometry.cpp: In static member function ‘static int CGeometry::readRadiuses(char*, int, double)’:
geometry.cpp:25:27: warning: deprecated conversion from string constant to ‘char*’ [-Wwrite-strings]
    CGeometry::readSectors();
                           ^
geometry.cpp: In static member function ‘static int CGeometry::getRadii(int)’:
geometry.cpp:61:1: warning: no return statement in function returning non-void [-Wreturn-type]
 }
 ^
geometry.cpp: In static member function ‘static int CGeometry::readRadiuses(char*, int, double)’:
geometry.cpp:55:1: warning: control reaches end of non-void function [-Wreturn-type]
 }
 ^
In file included from grain_temp.cpp:4:0:
geometry.h:11:46: warning: deprecated conversion from string constant to ‘char*’ [-Wwrite-strings]
  static int readSectors(char fpattern[500] = "");
                                              ^
grain_temp.cpp: In static member function ‘static int GrainTemp::refreshStatistics()’:
grain_temp.cpp:32:1: warning: no return statement in function returning non-void [-Wreturn-type]
 }
 ^
grain_temp.cpp: In static member function ‘static int GrainTemp::initSectorials(int)’:
grain_temp.cpp:42:1: warning: no return statement in function returning non-void [-Wreturn-type]
 }
 ^
grain_temp.cpp: In static member function ‘static int GrainTemp::putTemps(int)’:
grain_temp.cpp:90:1: warning: no return statement in function returning non-void [-Wreturn-type]
 }
 ^
grain_temp.cpp: In static member function ‘static int GrainTemp::getRadii(int)’:
grain_temp.cpp:95:1: warning: no return statement in function returning non-void [-Wreturn-type]
 }
 ^
In file included from integration.cpp:5:0:
geometry.h:11:46: warning: deprecated conversion from string constant to ‘char*’ [-Wwrite-strings]
  static int readSectors(char fpattern[500] = "");
                                              ^
In file included from integration.cpp:6:0:
continuum.h:16:21: warning: non-static data member initializers only available with -std=c++11 or -std=gnu++11 [enabled by default]
   double totalLum = 0.;
                     ^
continuum.h:17:19: warning: non-static data member initializers only available with -std=c++11 or -std=gnu++11 [enabled by default]
   double lumYan = 0.;
                   ^
In file included from integration/angular.h:2:0,
                 from integration.cpp:13:
integration/matrix.h: In static member function ‘static bool CMatrix::isErrorAcceptable(double, double)’:
integration/matrix.h:199:31: error: expression cannot be used as a function
        (nPhots + CMatrix::FFac)
                               ^
integration.cpp: In static member function ‘static int CIntegration::statisticRay()’:
integration.cpp:73:1: warning: no return statement in function returning non-void [-Wreturn-type]
 }
 ^
integration.cpp: In static member function ‘static int CIntegration::InitIntegration(int, int)’:
integration.cpp:126:1: warning: no return statement in function returning non-void [-Wreturn-type]
 }
 ^
integration.cpp: In static member function ‘static int CIntegration::doCalc()’:
integration.cpp:168:10: warning: unused variable ‘phi’ [-Wunused-variable]
   double phi = App::AppDPhi - (App::phi_width-dphi)/2;
          ^
integration.cpp:169:10: warning: unused variable ‘theta’ [-Wunused-variable]
   double theta = App::AppDTheta - (App::theta_width-dtheta)/2;
          ^
integration.cpp:171:10: warning: unused variable ‘phi_max’ [-Wunused-variable]
   double phi_max = App::AppDPhi + (App::phi_width-dphi)/2;
          ^
integration.cpp:172:10: warning: unused variable ‘theta_max’ [-Wunused-variable]
   double theta_max = App::AppDTheta + (App::theta_width-dtheta)/2;   
          ^
integration.cpp:175:7: warning: unused variable ‘iskip_phi’ [-Wunused-variable]
   int iskip_phi = 0;
       ^
integration.cpp:176:7: warning: unused variable ‘iskip_theta’ [-Wunused-variable]
   int iskip_theta = 0;
       ^
integration.cpp:177:7: warning: unused variable ‘skip_param’ [-Wunused-variable]
   int skip_param = 5;
       ^
integration.cpp:135:12: warning: unused variable ‘sum’ [-Wunused-variable]
  long long sum = 0;
            ^
integration.cpp:214:1: warning: no return statement in function returning non-void [-Wreturn-type]
 }
 ^
integration.cpp: In static member function ‘static int CIntegration::finish()’:
integration.cpp:220:1: warning: no return statement in function returning non-void [-Wreturn-type]
 }
 ^
In file included from iterator.cpp:3:0:
geometry.h:11:46: warning: deprecated conversion from string constant to ‘char*’ [-Wwrite-strings]
  static int readSectors(char fpattern[500] = "");
                                              ^
In file included from iterator.cpp:4:0:
continuum.h:16:21: warning: non-static data member initializers only available with -std=c++11 or -std=gnu++11 [enabled by default]
   double totalLum = 0.;
                     ^
continuum.h:17:19: warning: non-static data member initializers only available with -std=c++11 or -std=gnu++11 [enabled by default]
   double lumYan = 0.;
                   ^
iterator.cpp: In static member function ‘static int CIteration::obtainStatistics()’:
iterator.cpp:21:1: warning: no return statement in function returning non-void [-Wreturn-type]
 }
 ^
iterator.cpp: In static member function ‘static int CIteration::initIteration(int)’:
iterator.cpp:58:1: warning: no return statement in function returning non-void [-Wreturn-type]
 }
 ^
iterator.cpp: In static member function ‘static int CIteration::doIteration()’:
iterator.cpp:83:1: warning: no return statement in function returning non-void [-Wreturn-type]
 }
 ^
iterator.cpp: In static member function ‘static int CIteration::finalizeIterations()’:
iterator.cpp:96:1: warning: no return statement in function returning non-void [-Wreturn-type]
 }
 ^
In file included from lines.cpp:4:0:
geometry.h:11:46: warning: deprecated conversion from string constant to ‘char*’ [-Wwrite-strings]
  static int readSectors(char fpattern[500] = "");
                                              ^
lines.cpp: In static member function ‘static int CLine::refreshStatistics()’:
lines.cpp:36:1: warning: no return statement in function returning non-void [-Wreturn-type]
 }
 ^
lines.cpp: In static member function ‘static int CLine::initSectorials(int)’:
lines.cpp:43:1: warning: no return statement in function returning non-void [-Wreturn-type]
 }
 ^
lines.cpp: In static member function ‘static int CLine::putLine(int)’:
lines.cpp:96:1: warning: no return statement in function returning non-void [-Wreturn-type]
 }
 ^
lines.cpp: In static member function ‘static int CLine::getRadii(int)’:
lines.cpp:101:1: warning: no return statement in function returning non-void [-Wreturn-type]
 }
 ^
lines.cpp: In static member function ‘static int CLine::getLineList(int, char*)’:
lines.cpp:131:6: warning: unused variable ‘idSorted’ [-Wunused-variable]
  int idSorted[100];
      ^
lines.cpp: In static member function ‘static int CLine::readDatabase()’:
lines.cpp:233:6: warning: unused variable ‘nC2’ [-Wunused-variable]
  int nC2    = CReader::calc_lines_number(LDB2,15);
      ^
lines.cpp:248:21: warning: ignoring return value of ‘char* fgets(char*, int, FILE*)’, declared with attribute warn_unused_result [-Wunused-result]
   fgets(line,20,LDB);
                     ^
lines.cpp:254:26: warning: ignoring return value of ‘int fscanf(FILE*, const char*, ...)’, declared with attribute warn_unused_result [-Wunused-result]
    fscanf(LDB2,"%le",&el); 
                          ^
lines.cpp:293:1: warning: control reaches end of non-void function [-Wreturn-type]
 }
 ^
In file included from main.cpp:4:0:
geometry.h:11:46: warning: deprecated conversion from string constant to ‘char*’ [-Wwrite-strings]
  static int readSectors(char fpattern[500] = "");
                                              ^
In file included from main.cpp:6:0:
continuum.h:16:21: warning: non-static data member initializers only available with -std=c++11 or -std=gnu++11 [enabled by default]
   double totalLum = 0.;
                     ^
continuum.h:17:19: warning: non-static data member initializers only available with -std=c++11 or -std=gnu++11 [enabled by default]
   double lumYan = 0.;
                   ^
In file included from spectra/../integration/angular.h:2:0,
                 from spectra/isophote.h:4,
                 from main.cpp:13:
spectra/../integration/matrix.h: In static member function ‘static bool CMatrix::isErrorAcceptable(double, double)’:
spectra/../integration/matrix.h:199:31: error: expression cannot be used as a function
        (nPhots + CMatrix::FFac)
                               ^
main.cpp: In function ‘int main(int, char**)’:
main.cpp:20:38: warning: format not a string literal and no format arguments [-Wformat-security]
   sprintf(App::commands_path, argv[1]);
                                      ^
main.cpp:233:4: warning: format ‘%le’ expects argument of type ‘double’, but argument 4 has type ‘long double’ [-Wformat=]
    );
    ^
main.cpp:233:4: warning: format ‘%le’ expects argument of type ‘double’, but argument 5 has type ‘long double’ [-Wformat=]
main.cpp:234:16: warning: format not a string literal and no format arguments [-Wformat-security]
    printf(appos);
                ^
main.cpp:66:11: warning: unused variable ‘resarr’ [-Wunused-variable]
  double **resarr;
           ^
In file included from physics.cpp:4:0:
geometry.h:11:46: warning: deprecated conversion from string constant to ‘char*’ [-Wwrite-strings]
  static int readSectors(char fpattern[500] = "");
                                              ^
physics.cpp: In static member function ‘static int Physics::refreshStatistics()’:
physics.cpp:26:1: warning: no return statement in function returning non-void [-Wreturn-type]
 }
 ^
physics.cpp: In static member function ‘static int Physics::initSectorials(int)’:
physics.cpp:35:1: warning: no return statement in function returning non-void [-Wreturn-type]
 }
 ^
physics.cpp: In static member function ‘static int Physics::putPhysics(int)’:
physics.cpp:80:1: warning: no return statement in function returning non-void [-Wreturn-type]
 }
 ^
physics.cpp: In static member function ‘static int Physics::getRadii(int)’:
physics.cpp:85:1: warning: no return statement in function returning non-void [-Wreturn-type]
 }
 ^
reader.cpp: In static member function ‘static char** CReader::read_commands(FILE*)’:
reader.cpp:40:8: warning: unused variable ‘isQuoted’ [-Wunused-variable]
   bool isQuoted = false;
        ^
reader.cpp: In static member function ‘static int CReader::read_file_array(FILE*, int, int, int, int (*)(int), int (*)(int), int (*)(int, int, double), int (*)(int, char*))’:
reader.cpp:167:46: warning: too many arguments for format [-Wformat-extra-args]
   while ( sscanf(ptr, "%s[\t\n]", strdata, &n) == 1 && !iSkip)
                                              ^
reader.cpp:127:9: warning: unused variable ‘val’ [-Wunused-variable]
  double val;
         ^
reader.cpp: In static member function ‘static int CReader::callable(int)’:
reader.cpp:197:1: warning: no return statement in function returning non-void [-Wreturn-type]
 }
 ^
reader.cpp: In static member function ‘static char** CReader::read_commands(FILE*)’:
reader.cpp:28:23: warning: ignoring return value of ‘char* fgets(char*, int, FILE*)’, declared with attribute warn_unused_result [-Wunused-result]
   fgets(string,500,MF);
                       ^
reader.cpp:31:24: warning: ignoring return value of ‘char* fgets(char*, int, FILE*)’, declared with attribute warn_unused_result [-Wunused-result]
    fgets(string,500,MF);
                        ^
reader.cpp: In static member function ‘static int CReader::read_file_array(FILE*, int, int, int, int (*)(int), int (*)(int), int (*)(int, int, double), int (*)(int, char*))’:
reader.cpp:133:25: warning: ignoring return value of ‘char* fgets(char*, int, FILE*)’, declared with attribute warn_unused_result [-Wunused-result]
   fgets(line,maxsize,MF);
                         ^
reader.cpp:146:25: warning: ignoring return value of ‘char* fgets(char*, int, FILE*)’, declared with attribute warn_unused_result [-Wunused-result]
   fgets(line,maxsize,MF);
                         ^
In file included from rt.cpp:5:0:
geometry.h:11:46: warning: deprecated conversion from string constant to ‘char*’ [-Wwrite-strings]
  static int readSectors(char fpattern[500] = "");
                                              ^
In file included from rt.cpp:6:0:
continuum.h:16:21: warning: non-static data member initializers only available with -std=c++11 or -std=gnu++11 [enabled by default]
   double totalLum = 0.;
                     ^
continuum.h:17:19: warning: non-static data member initializers only available with -std=c++11 or -std=gnu++11 [enabled by default]
   double lumYan = 0.;
                   ^
In file included from statistics/../integration/angular.h:2:0,
                 from statistics/stats_angle.h:3,
                 from statistics/statistics.h:3,
                 from rt.cpp:10:
statistics/../integration/matrix.h: In static member function ‘static bool CMatrix::isErrorAcceptable(double, double)’:
statistics/../integration/matrix.h:199:31: error: expression cannot be used as a function
        (nPhots + CMatrix::FFac)
                               ^
rt.cpp: In static member function ‘static int CRT::calc_ray(int)’:
rt.cpp:38:1: warning: no return statement in function returning non-void [-Wreturn-type]
 }
 ^
rt.cpp: In static member function ‘static int CRT::obtainContinua()’:
rt.cpp:204:1: warning: no return statement in function returning non-void [-Wreturn-type]
 }
 ^
rt.cpp: In static member function ‘static int CRT::calc_cont(int)’:
rt.cpp:227:8: warning: unused variable ‘FP_DUMP’ [-Wunused-variable]
  FILE* FP_DUMP;
        ^
rt.cpp: In static member function ‘static int CRT::obtainIntrinsic()’:
rt.cpp:87:1: warning: control reaches end of non-void function [-Wreturn-type]
 }
 ^
In file included from solver.cpp:4:0:
geometry.h:11:46: warning: deprecated conversion from string constant to ‘char*’ [-Wwrite-strings]
  static int readSectors(char fpattern[500] = "");
                                              ^
In file included from integration.h:7:0,
                 from solver.cpp:5:
continuum.h:16:21: warning: non-static data member initializers only available with -std=c++11 or -std=gnu++11 [enabled by default]
   double totalLum = 0.;
                     ^
continuum.h:17:19: warning: non-static data member initializers only available with -std=c++11 or -std=gnu++11 [enabled by default]
   double lumYan = 0.;
                   ^
solver.cpp: In static member function ‘static int CSolver::getPoints()’:
solver.cpp:493:338: warning: format ‘%le’ expects argument of type ‘double’, but argument 12 has type ‘long double’ [-Wformat=]
    fprintf(FP,"Sector: %d/%d (%d - %lf); Layer: %d/%d; Point: %Le;%Le;%Le; R=%le\n", CSolver::points[i].sec_p, CSolver::points[i].sec_n,CSolver::points[i].is,CSolver::points[i].phi, CSolver::points[i].lay_p, CSolver::points[i].lay_n, CSolver::points[i].point.x, CSolver::points[i].point.y, CSolver::points[i].point.z,CSolver::points[i].R);
                                                                                                                                                                                                                                                                                                                                                  ^
In file included from integration/matrix.h:4:0,
                 from integration/matrix.cpp:1:
integration/../continuum.h:16:21: warning: non-static data member initializers only available with -std=c++11 or -std=gnu++11 [enabled by default]
   double totalLum = 0.;
                     ^
integration/../continuum.h:17:19: warning: non-static data member initializers only available with -std=c++11 or -std=gnu++11 [enabled by default]
   double lumYan = 0.;
                   ^
In file included from integration/matrix.cpp:1:0:
integration/matrix.h: In static member function ‘static bool CMatrix::isErrorAcceptable(double, double)’:
integration/matrix.h:199:31: error: expression cannot be used as a function
        (nPhots + CMatrix::FFac)
                               ^
In file included from integration/../integration.h:6:0,
                 from integration/matrix.cpp:2:
integration/../geometry.h: At global scope:
integration/../geometry.h:11:46: warning: deprecated conversion from string constant to ‘char*’ [-Wwrite-strings]
  static int readSectors(char fpattern[500] = "");
                                              ^
In file included from output/prt_lines.h:3:0,
                 from output/output_handler.cpp:2:
output/output.h: In constructor ‘Output::Output(const char*, const char*)’:
output/output.h:20:16: warning: format not a string literal and no format arguments [-Wformat-security]
   printf(ffname);
                ^
In file included from output/../integration.h:6:0,
                 from output/prt_lines.h:5,
                 from output/output_handler.cpp:2:
output/../geometry.h: At global scope:
output/../geometry.h:11:46: warning: deprecated conversion from string constant to ‘char*’ [-Wwrite-strings]
  static int readSectors(char fpattern[500] = "");
                                              ^
In file included from output/../integration.h:7:0,
                 from output/prt_lines.h:5,
                 from output/output_handler.cpp:2:
output/../continuum.h:16:21: warning: non-static data member initializers only available with -std=c++11 or -std=gnu++11 [enabled by default]
   double totalLum = 0.;
                     ^
output/../continuum.h:17:19: warning: non-static data member initializers only available with -std=c++11 or -std=gnu++11 [enabled by default]
   double lumYan = 0.;
                   ^
In file included from output/../spectra/../integration/angular.h:2:0,
                 from output/../spectra/isophote.h:4,
                 from output/prt_isophote.h:4,
                 from output/output_handler.cpp:4:
output/../spectra/../integration/matrix.h: In static member function ‘static bool CMatrix::isErrorAcceptable(double, double)’:
output/../spectra/../integration/matrix.h:199:31: error: expression cannot be used as a function
        (nPhots + CMatrix::FFac)
                               ^
In file included from output/output_handler.cpp:4:0:
output/prt_isophote.h: In static member function ‘static int PrtIsophote::plot()’:
output/prt_isophote.h:109:2: warning: no return statement in function returning non-void [-Wreturn-type]
  }
  ^
In file included from spectra/isophote.h:3:0,
                 from spectra/isophotes.cpp:1:
spectra/../continuum.h:16:21: warning: non-static data member initializers only available with -std=c++11 or -std=gnu++11 [enabled by default]
   double totalLum = 0.;
                     ^
spectra/../continuum.h:17:19: warning: non-static data member initializers only available with -std=c++11 or -std=gnu++11 [enabled by default]
   double lumYan = 0.;
                   ^
In file included from spectra/../integration/angular.h:2:0,
                 from spectra/isophote.h:4,
                 from spectra/isophotes.cpp:1:
spectra/../integration/matrix.h: In static member function ‘static bool CMatrix::isErrorAcceptable(double, double)’:
spectra/../integration/matrix.h:199:31: error: expression cannot be used as a function
        (nPhots + CMatrix::FFac)
                               ^
In file included from statistics/../integration/matrix.h:4:0,
                 from statistics/../integration/angular.h:2,
                 from statistics/stats_angle.h:3,
                 from statistics/statistics.h:3,
                 from statistics/statistics.cpp:1:
statistics/../integration/../continuum.h:16:21: warning: non-static data member initializers only available with -std=c++11 or -std=gnu++11 [enabled by default]
   double totalLum = 0.;
                     ^
statistics/../integration/../continuum.h:17:19: warning: non-static data member initializers only available with -std=c++11 or -std=gnu++11 [enabled by default]
   double lumYan = 0.;
                   ^
In file included from statistics/../integration/angular.h:2:0,
                 from statistics/stats_angle.h:3,
                 from statistics/statistics.h:3,
                 from statistics/statistics.cpp:1:
statistics/../integration/matrix.h: In static member function ‘static bool CMatrix::isErrorAcceptable(double, double)’:
statistics/../integration/matrix.h:199:31: error: expression cannot be used as a function
        (nPhots + CMatrix::FFac)
                               ^
In file included from statistics/statistics.cpp:9:0:
statistics/../geometry.h: At global scope:
statistics/../geometry.h:11:46: warning: deprecated conversion from string constant to ‘char*’ [-Wwrite-strings]
  static int readSectors(char fpattern[500] = "");
                                              ^
statistics/statistics.cpp: In static member function ‘static double CStatistics::shouldInclude()’:
statistics/statistics.cpp:51:133: warning: format ‘%Le’ expects argument of type ‘long double’, but argument 6 has type ‘double’ [-Wformat=]
   printf("i=%d! (%d;%d) <= (%Le;%Le;%Le) Something went not as intended\n",i, ip,it, rayTheta, App::AppDTheta, App::rayToObj.angle.z);
                                                                                                                                     ^
/usr/bin/ld: /usr/lib/debug/usr/lib/x86_64-linux-gnu/crt1.o(.debug_info): relocation 0 has invalid symbol index 11
/usr/bin/ld: /usr/lib/debug/usr/lib/x86_64-linux-gnu/crt1.o(.debug_info): relocation 1 has invalid symbol index 12
/usr/bin/ld: /usr/lib/debug/usr/lib/x86_64-linux-gnu/crt1.o(.debug_info): relocation 2 has invalid symbol index 2
/usr/bin/ld: /usr/lib/debug/usr/lib/x86_64-linux-gnu/crt1.o(.debug_info): relocation 3 has invalid symbol index 2
/usr/bin/ld: /usr/lib/debug/usr/lib/x86_64-linux-gnu/crt1.o(.debug_info): relocation 4 has invalid symbol index 11
/usr/bin/ld: /usr/lib/debug/usr/lib/x86_64-linux-gnu/crt1.o(.debug_info): relocation 5 has invalid symbol index 13
/usr/bin/ld: /usr/lib/debug/usr/lib/x86_64-linux-gnu/crt1.o(.debug_info): relocation 6 has invalid symbol index 13
/usr/bin/ld: /usr/lib/debug/usr/lib/x86_64-linux-gnu/crt1.o(.debug_info): relocation 7 has invalid symbol index 13
/usr/bin/ld: /usr/lib/debug/usr/lib/x86_64-linux-gnu/crt1.o(.debug_info): relocation 8 has invalid symbol index 12
/usr/bin/ld: /usr/lib/debug/usr/lib/x86_64-linux-gnu/crt1.o(.debug_info): relocation 9 has invalid symbol index 13
/usr/bin/ld: /usr/lib/debug/usr/lib/x86_64-linux-gnu/crt1.o(.debug_info): relocation 10 has invalid symbol index 13
/usr/bin/ld: /usr/lib/debug/usr/lib/x86_64-linux-gnu/crt1.o(.debug_info): relocation 11 has invalid symbol index 13
/usr/bin/ld: /usr/lib/debug/usr/lib/x86_64-linux-gnu/crt1.o(.debug_info): relocation 12 has invalid symbol index 13
/usr/bin/ld: /usr/lib/debug/usr/lib/x86_64-linux-gnu/crt1.o(.debug_info): relocation 13 has invalid symbol index 13
/usr/bin/ld: /usr/lib/debug/usr/lib/x86_64-linux-gnu/crt1.o(.debug_info): relocation 14 has invalid symbol index 13
/usr/bin/ld: /usr/lib/debug/usr/lib/x86_64-linux-gnu/crt1.o(.debug_info): relocation 15 has invalid symbol index 13
/usr/bin/ld: /usr/lib/debug/usr/lib/x86_64-linux-gnu/crt1.o(.debug_info): relocation 16 has invalid symbol index 13
/usr/bin/ld: /usr/lib/debug/usr/lib/x86_64-linux-gnu/crt1.o(.debug_info): relocation 17 has invalid symbol index 13
/usr/bin/ld: /usr/lib/debug/usr/lib/x86_64-linux-gnu/crt1.o(.debug_info): relocation 18 has invalid symbol index 13
/usr/bin/ld: /usr/lib/debug/usr/lib/x86_64-linux-gnu/crt1.o(.debug_info): relocation 19 has invalid symbol index 21
/usr/bin/ld: /usr/lib/debug/usr/lib/x86_64-linux-gnu/crt1.o(.debug_line): relocation 0 has invalid symbol index 2
/usr/lib/gcc/x86_64-linux-gnu/4.8/../../../x86_64-linux-gnu/crt1.o: In function `_start':
(.text+0x20): undefined reference to `main'
solver.o: In function `normalizeSector(int)':
solver.cpp:(.text+0x2): undefined reference to `App::nSectors'
solver.o: In function `normalizeCone(int)':
solver.cpp:(.text+0x62): undefined reference to `App::nSectors'
solver.o: In function `CSolver::getPointsCones()':
solver.cpp:(.text+0xc7): undefined reference to `App::rayIntegration'
solver.cpp:(.text+0xcd): undefined reference to `App::rayIntegration'
solver.cpp:(.text+0xdc): undefined reference to `App::rayIntegration'
solver.cpp:(.text+0xeb): undefined reference to `App::rayIntegration'
solver.cpp:(.text+0xfa): undefined reference to `App::rayIntegration'
solver.o:solver.cpp:(.text+0x109): more undefined references to `App::rayIntegration' follow
solver.o: In function `CSolver::getPointsCones()':
solver.cpp:(.text+0x187): undefined reference to `App::output_dir'
solver.cpp:(.text+0x1f4): undefined reference to `App::rayIntegration'
solver.cpp:(.text+0x200): undefined reference to `App::rayIntegration'
solver.cpp:(.text+0x20c): undefined reference to `App::rayIntegration'
solver.cpp:(.text+0x22f): undefined reference to `App::isStatMode'
solver.cpp:(.text+0x292): undefined reference to `App::nSectors'
solver.cpp:(.text+0x4e7): undefined reference to `App::isStatMode'
solver.cpp:(.text+0x631): undefined reference to `App::rayIntegration'
solver.cpp:(.text+0x643): undefined reference to `App::rayIntegration'
solver.cpp:(.text+0x64f): undefined reference to `App::rayIntegration'
solver.cpp:(.text+0x65b): undefined reference to `App::rayIntegration'
solver.cpp:(.text+0x667): undefined reference to `App::rayIntegration'
solver.o:solver.cpp:(.text+0x673): more undefined references to `App::rayIntegration' follow
solver.o: In function `CSolver::getPointsCones()':
solver.cpp:(.text+0x873): undefined reference to `App::isStatMode'
solver.cpp:(.text+0x902): undefined reference to `App::nSectors'
solver.cpp:(.text+0xa5b): undefined reference to `App::nSectors'
solver.cpp:(.text+0xb73): undefined reference to `App::rayIntegration'
solver.cpp:(.text+0xb86): undefined reference to `App::rayIntegration'
solver.cpp:(.text+0xb92): undefined reference to `App::rayIntegration'
solver.cpp:(.text+0xb9e): undefined reference to `App::rayIntegration'
solver.cpp:(.text+0xbaa): undefined reference to `App::rayIntegration'
solver.o:solver.cpp:(.text+0xbb6): more undefined references to `App::rayIntegration' follow
solver.o: In function `CSolver::getPointsSectors()':
solver.cpp:(.text+0xd24): undefined reference to `App::output_dir'
solver.cpp:(.text+0xd5c): undefined reference to `App::rayIntegration'
solver.cpp:(.text+0xd6a): undefined reference to `App::rayIntegration'
solver.cpp:(.text+0xd79): undefined reference to `App::rayIntegration'
solver.cpp:(.text+0xd88): undefined reference to `App::rayIntegration'
solver.cpp:(.text+0xd97): undefined reference to `App::rayIntegration'
solver.o:solver.cpp:(.text+0xda6): more undefined references to `App::rayIntegration' follow
solver.o: In function `CSolver::getPointsSectors()':
solver.cpp:(.text+0xe91): undefined reference to `App::isStatMode'
solver.cpp:(.text+0xed6): undefined reference to `App::nSectors'
solver.cpp:(.text+0x114b): undefined reference to `App::isStatMode'
solver.cpp:(.text+0x1291): undefined reference to `App::rayIntegration'
solver.cpp:(.text+0x12a3): undefined reference to `App::rayIntegration'
solver.cpp:(.text+0x12af): undefined reference to `App::rayIntegration'
solver.cpp:(.text+0x12bb): undefined reference to `App::rayIntegration'
solver.cpp:(.text+0x12c7): undefined reference to `App::rayIntegration'
solver.o:solver.cpp:(.text+0x12d3): more undefined references to `App::rayIntegration' follow
solver.o: In function `CSolver::getPointsSectors()':
solver.cpp:(.text+0x14d0): undefined reference to `App::nSectors'
solver.cpp:(.text+0x1569): undefined reference to `App::nSectors'
solver.cpp:(.text+0x167f): undefined reference to `App::rayIntegration'
solver.cpp:(.text+0x168b): undefined reference to `App::rayIntegration'
solver.cpp:(.text+0x1697): undefined reference to `App::rayIntegration'
solver.cpp:(.text+0x16a3): undefined reference to `App::rayIntegration'
solver.cpp:(.text+0x16af): undefined reference to `App::rayIntegration'
solver.o:solver.cpp:(.text+0x16bb): more undefined references to `App::rayIntegration' follow
solver.o: In function `CSolver::getPoints()':
solver.cpp:(.text+0x1873): undefined reference to `App::geometryType'
solver.cpp:(.text+0x1ae5): undefined reference to `App::isStatMode'
solver.cpp:(.text+0x1b2b): undefined reference to `App::output_dir'
diffray.o: In function `CDiffRay::initializePoints()':
diffray.cpp:(.text+0x58): undefined reference to `App::pointsSource'
diffray.cpp:(.text+0x87): undefined reference to `App::pointsFile'
diffray.cpp:(.text+0x8d): undefined reference to `App::input_dir'
diffray.cpp:(.text+0xf8): undefined reference to `App::nSkipPoints'
diffray.o: In function `CDiffRay::runDiffRay(bool, int)':
diffray.cpp:(.text+0x1c7): undefined reference to `App::integration_mode'
diffray.cpp:(.text+0x1e9): undefined reference to `App::isStatMode'
diffray.cpp:(.text+0x206): undefined reference to `CContinuum::refreshStatistics()'
diffray.cpp:(.text+0x211): undefined reference to `App::AppMode'
diffray.cpp:(.text+0x225): undefined reference to `CIntegration::lumfactor'
diffray.cpp:(.text+0x22d): undefined reference to `CIntegration::lumfactor'
diffray.cpp:(.text+0x233): undefined reference to `App::CalcCont'
diffray.cpp:(.text+0x23b): undefined reference to `OutputHandler::contarr()'
diffray.cpp:(.text+0x240): undefined reference to `OutputHandler::spectra()'
diffray.cpp:(.text+0x246): undefined reference to `App::CalcLines'
diffray.cpp:(.text+0x24e): undefined reference to `OutputHandler::lifr()'
diffray.cpp:(.text+0x253): undefined reference to `OutputHandler::llum()'
diffray.cpp:(.text+0x258): undefined reference to `OutputHandler::linesarr()'
diffray.cpp:(.text+0x261): undefined reference to `OutputHandler::isophotes()'
diffray.cpp:(.text+0x267): undefined reference to `App::CalcLines'
diffray.cpp:(.text+0x27c): undefined reference to `App::output_dir'
diffray.cpp:(.text+0x2f8): undefined reference to `CContinuum::nbands'
diffray.cpp:(.text+0x390): undefined reference to `CContinuum::statistics'
diffray.cpp:(.text+0x438): undefined reference to `CContinuum::statistics'
diffray.cpp:(.text+0x457): undefined reference to `App::output_dir'
diffray.cpp:(.text+0x47a): undefined reference to `CContinuum::statistics'
diffray.cpp:(.text+0x6ea): undefined reference to `App::output_dir'
diffray.cpp:(.text+0x7e3): undefined reference to `App::output_dir'
diffray.cpp:(.text+0x8ef): undefined reference to `App::fluxesOutput'
diffray.cpp:(.text+0x8f5): undefined reference to `App::output_dir'
diffray.cpp:(.text+0x938): undefined reference to `App::distance'
diffray.cpp:(.text+0x959): undefined reference to `CContinuum::cellCount'
diffray.cpp:(.text+0x968): undefined reference to `CIntegration::flux_continua'
diffray.cpp:(.text+0x994): undefined reference to `CContinuum::cellCount'
diffray.cpp:(.text+0x9c5): undefined reference to `App::output_dir'
diffray.cpp:(.text+0x9e9): undefined reference to `App::output_dir'
diffray.cpp:(.text+0xa15): undefined reference to `App::output_dir'
diffray.cpp:(.text+0xa39): undefined reference to `App::output_dir'
diffray.cpp:(.text+0xa59): undefined reference to `App::iApp'
diffray.cpp:(.text+0xa79): undefined reference to `App::iApp'
diffray.cpp:(.text+0xb28): undefined reference to `CContinuum::nbands'
diffray.cpp:(.text+0xb2e): undefined reference to `CContinuum::bands'
diffray.cpp:(.text+0xb65): undefined reference to `CContinuum::nbands'
diffray.cpp:(.text+0xb84): undefined reference to `CContinuum::nbands'
diffray.cpp:(.text+0xb8a): undefined reference to `CContinuum::bands'
diffray.cpp:(.text+0xbc1): undefined reference to `CContinuum::nbands'
diffray.cpp:(.text+0xbde): undefined reference to `CContinuum::nbands'
diffray.cpp:(.text+0xc00): undefined reference to `CContinuum::bands'
diffray.cpp:(.text+0xc4a): undefined reference to `App::printBands'
diffray.cpp:(.text+0xcc3): undefined reference to `CContinuum::anu'
diffray.cpp:(.text+0xd02): undefined reference to `CIntegration::flux_transitions'
diffray.cpp:(.text+0xd09): undefined reference to `CIntegration::flux_continua'
diffray.cpp:(.text+0xd0f): undefined reference to `App::printBands'
diffray.cpp:(.text+0xd1c): undefined reference to `CIntegration::flux_intrinsic'
diffray.cpp:(.text+0xd37): undefined reference to `App::cov_fac'
diffray.cpp:(.text+0xf48): undefined reference to `CIntegration::flux_lines'
diffray.cpp:(.text+0xf57): undefined reference to `App::distance'
diffray.cpp:(.text+0xf6c): undefined reference to `CIntegration::lumfactor'
diffray.cpp:(.text+0xfd9): undefined reference to `CIntegration::flux_lines'
diffray.cpp:(.text+0x1005): undefined reference to `CIntegration::lumfactor'
diffray.cpp:(.text+0x1011): undefined reference to `App::distance'
diffray.cpp:(.text+0x1082): undefined reference to `CContinuum::nbands'
diffray.cpp:(.text+0x12b2): undefined reference to `App::distance'
diffray.cpp:(.text+0x12d3): undefined reference to `CContinuum::cellCount'
diffray.cpp:(.text+0x12e2): undefined reference to `CContinuum::anu'
diffray.cpp:(.text+0x130e): undefined reference to `CContinuum::cellCount'
diffray.cpp:(.text+0x150f): undefined reference to `App::output_dir'
diffray.cpp:(.text+0x1a46): undefined reference to `App::output_dir'
diffray.cpp:(.text+0x1e46): undefined reference to `App::output_dir'
diffray.cpp:(.text+0x1f78): undefined reference to `CContinuum::nbands'
diffray.cpp:(.text+0x2005): undefined reference to `CContinuum::statistics'
diffray.cpp:(.text+0x202c): undefined reference to `CContinuum::statistics'
diffray.cpp:(.text+0x204d): undefined reference to `CContinuum::statistics'
diffray.cpp:(.text+0x2097): undefined reference to `CContinuum::statistics'
diffray.cpp:(.text+0x20c4): undefined reference to `CContinuum::statistics'
diffray.o:diffray.cpp:(.text+0x20cd): more undefined references to `CContinuum::statistics' follow
diffray.o: In function `CDiffRay::runDiffRay(bool, int)':
diffray.cpp:(.text+0x212f): undefined reference to `App::output_dir'
diffray.cpp:(.text+0x217d): undefined reference to `CContinuum::statistics'
diffray.cpp:(.text+0x21ab): undefined reference to `CContinuum::nbands'
diffray.cpp:(.text+0x21da): undefined reference to `CContinuum::nbands'
diffray.cpp:(.text+0x241f): undefined reference to `App::output_dir'
diffray.cpp:(.text+0x24bd): undefined reference to `App::output_dir'
diffray.cpp:(.text+0x26af): undefined reference to `App::output_dir'
diffray.cpp:(.text+0x2acf): undefined reference to `CContinuum::nbands'
diffray.cpp:(.text+0x2aec): undefined reference to `CContinuum::statistics'
diffray.cpp:(.text+0x2af1): undefined reference to `CContinuum::statistics'
diffray.cpp:(.text+0x2afe): undefined reference to `CContinuum::statistics'
diffray.cpp:(.text+0x2b07): undefined reference to `CContinuum::statistics'
diffray.cpp:(.text+0x2b38): undefined reference to `CContinuum::statistics'
diffray.o:diffray.cpp:(.text+0x2b41): more undefined references to `CContinuum::statistics' follow
diffray.o: In function `CDiffRay::runDiffRay(bool, int)':
diffray.cpp:(.text+0x2d47): undefined reference to `App::output_dir'
diffray.cpp:(.text+0x2d6b): undefined reference to `App::output_dir'
diffray.o: In function `CDiffRay::launch()':
diffray.cpp:(.text+0x2e38): undefined reference to `App::pointsSource'
diffray.cpp:(.text+0x2e40): undefined reference to `App::init()'
diffray.cpp:(.text+0x2e82): undefined reference to `App::distance'
diffray.cpp:(.text+0x2e87): undefined reference to `App::init()'
geom3D.o: In function `intersectSphere(TRay, long double, vector3*)':
geom3D.cpp:(.text+0xf51): undefined reference to `App::isStatMode'
geom3D.cpp:(.text+0x118d): undefined reference to `App::output_dir'
geom3D.o: In function `intersectRayWithCone(TRay, double, vector3*)':
geom3D.cpp:(.text+0x1582): undefined reference to `App::isStatMode'
geom3D.cpp:(.text+0x186d): undefined reference to `App::output_dir'
geometry.o: In function `CGeometry::readSectors(char*)':
geometry.cpp:(.text+0xd4): undefined reference to `App::nSectors'
geometry.o: In function `CGeometry::readRadiuses(char*, int, double)':
geometry.cpp:(.text+0x363): undefined reference to `App::nSectors'
grain_temp.o: In function `GrainTemp::initSectorials(int)':
grain_temp.cpp:(.text+0x212): undefined reference to `App::CalcGrainTemp'
grain_temp.o: In function `GrainTemp::readTemps(char*, int)':
grain_temp.cpp:(.text+0x302): undefined reference to `App::CalcGrainTemp'
iterator.o: In function `CIteration::initIteration(int)':
iterator.cpp:(.text+0x36): undefined reference to `CContinuum::cellCount'
iterator.cpp:(.text+0x68): undefined reference to `CIntegration::flux_continua'
iterator.cpp:(.text+0x8a): undefined reference to `CIntegration::flux_lines'
iterator.cpp:(.text+0x91): undefined reference to `CContinuum::cellCount'
iterator.cpp:(.text+0xac): undefined reference to `CIntegration::flux_transitions'
iterator.cpp:(.text+0xb3): undefined reference to `CContinuum::cellCount'
iterator.cpp:(.text+0xce): undefined reference to `CIntegration::flux_intrinsic'
iterator.cpp:(.text+0xd5): undefined reference to `CContinuum::cellCount'
iterator.cpp:(.text+0xf0): undefined reference to `CRT::ray_cont'
iterator.cpp:(.text+0x112): undefined reference to `CRT::ray_lines'
iterator.cpp:(.text+0x119): undefined reference to `CContinuum::cellCount'
iterator.cpp:(.text+0x134): undefined reference to `CRT::ray_trans'
iterator.cpp:(.text+0x13b): undefined reference to `CContinuum::cellCount'
iterator.cpp:(.text+0x156): undefined reference to `CRT::ray_intr'
iterator.o: In function `CIteration::doIteration()':
iterator.cpp:(.text+0x19f): undefined reference to `CIntegration::InitIntegration(int, int)'
iterator.cpp:(.text+0x1a4): undefined reference to `CIntegration::doCalc()'
iterator.o: In function `CIteration::finalizeIterations()':
iterator.cpp:(.text+0x1c7): undefined reference to `CIntegration::flux_continua'
iterator.cpp:(.text+0x1d8): undefined reference to `CIntegration::flux_lines'
iterator.cpp:(.text+0x1e9): undefined reference to `CIntegration::flux_transitions'
iterator.cpp:(.text+0x1fa): undefined reference to `CIntegration::flux_intrinsic'
iterator.cpp:(.text+0x20b): undefined reference to `CRT::ray_cont'
iterator.cpp:(.text+0x21c): undefined reference to `CRT::ray_lines'
iterator.cpp:(.text+0x22d): undefined reference to `CRT::ray_trans'
iterator.cpp:(.text+0x23e): undefined reference to `CRT::ray_intr'
iterator.o: In function `CIteration::obtainStatistics()':
iterator.cpp:(.text+0x1): undefined reference to `CIntegration::statisticRay()'
iterator.o: In function `CIteration::doIteration()':
iterator.cpp:(.text+0x1ad): undefined reference to `CIntegration::finish()'
lines.o: In function `CLine::readDatabase()':
lines.cpp:(.text+0x4f4): undefined reference to `App::data_base'
lines.cpp:(.text+0x556): undefined reference to `App::data_base'
lines.o: In function `CLine::toLuminosity(double)':
lines.cpp:(.text+0xa94): undefined reference to `App::distance'
collect2: error: ld returned 1 exit status
cp: cannot stat ‘DiffRay3D.exe’: No such file or directory
cp: cannot stat ‘DiffRay3D.exe’: No such file or directory
